2026-05-06 15:17:35,026 | INFO | Starting pipeline
2026-05-06 15:17:35,026 | INFO | Logging to: output/logs/run_2026-05-06_15-17-35.log
2026-05-06 15:17:52,958 | INFO | Kaggle original shape: (94529, 36)
2026-05-06 15:17:52,959 | INFO | Fetching JSearch query: 'software engineer intern'
2026-05-06 15:17:53,310 | WARNING |   [software engineer intern] page 1 failed: 429 Client Error: Too Many Requests for url: https://jsearch.p.rapidapi.com/search?query=software+engineer+intern&page=1&num_pages=1&date_posted=month&employment_types=INTERN%2CFULLTIME
2026-05-06 15:17:53,311 | INFO | Fetching JSearch query: 'data science intern'
2026-05-06 15:17:53,467 | WARNING |   [data science intern] page 1 failed: 429 Client Error: Too Many Requests for url: https://jsearch.p.rapidapi.com/search?query=data+science+intern&page=1&num_pages=1&date_posted=month&employment_types=INTERN%2CFULLTIME
2026-05-06 15:17:53,468 | INFO | Fetching JSearch query: 'entry level software developer'
2026-05-06 15:17:53,621 | WARNING |   [entry level software developer] page 1 failed: 429 Client Error: Too Many Requests for url: https://jsearch.p.rapidapi.com/search?query=entry+level+software+developer&page=1&num_pages=1&date_posted=month&employment_types=INTERN%2CFULLTIME
2026-05-06 15:17:53,622 | INFO | Fetching JSearch query: 'new grad software engineer'
2026-05-06 15:17:53,773 | WARNING |   [new grad software engineer] page 1 failed: 429 Client Error: Too Many Requests for url: https://jsearch.p.rapidapi.com/search?query=new+grad+software+engineer&page=1&num_pages=1&date_posted=month&employment_types=INTERN%2CFULLTIME
2026-05-06 15:17:53,774 | INFO | Fetching JSearch query: 'junior data analyst'
2026-05-06 15:17:53,929 | WARNING |   [junior data analyst] page 1 failed: 429 Client Error: Too Many Requests for url: https://jsearch.p.rapidapi.com/search?query=junior+data+analyst&page=1&num_pages=1&date_posted=month&employment_types=INTERN%2CFULLTIME
2026-05-06 15:17:53,930 | INFO | Fetching JSearch query: 'cybersecurity intern'
2026-05-06 15:17:54,082 | WARNING |   [cybersecurity intern] page 1 failed: 429 Client Error: Too Many Requests for url: https://jsearch.p.rapidapi.com/search?query=cybersecurity+intern&page=1&num_pages=1&date_posted=month&employment_types=INTERN%2CFULLTIME
2026-05-06 15:17:54,083 | INFO | Fetching JSearch query: 'machine learning intern'
2026-05-06 15:17:54,231 | WARNING |   [machine learning intern] page 1 failed: 429 Client Error: Too Many Requests for url: https://jsearch.p.rapidapi.com/search?query=machine+learning+intern&page=1&num_pages=1&date_posted=month&employment_types=INTERN%2CFULLTIME
2026-05-06 15:17:54,232 | INFO | Fetching JSearch query: 'frontend developer entry level'
2026-05-06 15:17:54,396 | WARNING |   [frontend developer entry level] page 1 failed: 429 Client Error: Too Many Requests for url: https://jsearch.p.rapidapi.com/search?query=frontend+developer+entry+level&page=1&num_pages=1&date_posted=month&employment_types=INTERN%2CFULLTIME
2026-05-06 15:17:54,398 | INFO | Fetching JSearch query: 'backend developer new grad'
2026-05-06 15:17:54,553 | WARNING |   [backend developer new grad] page 1 failed: 429 Client Error: Too Many Requests for url: https://jsearch.p.rapidapi.com/search?query=backend+developer+new+grad&page=1&num_pages=1&date_posted=month&employment_types=INTERN%2CFULLTIME
2026-05-06 15:17:54,554 | INFO | Fetching JSearch query: 'devops intern'
2026-05-06 15:17:54,721 | WARNING |   [devops intern] page 1 failed: 429 Client Error: Too Many Requests for url: https://jsearch.p.rapidapi.com/search?query=devops+intern&page=1&num_pages=1&date_posted=month&employment_types=INTERN%2CFULLTIME
2026-05-06 15:17:54,724 | WARNING | No jobs fetched from JSearch API.
2026-05-06 15:17:54,733 | INFO | JSearch API original shape: (0, 22)
2026-05-06 15:17:55,178 | INFO | Merged sources original shape: (94529, 36)
2026-05-06 15:18:05,591 | INFO | Cleaned shape: (2268, 33)
2026-05-06 15:18:05,838 | INFO | Saved cleaned_jobs.csv
2026-05-06 15:18:19,252 | INFO | Sample titles with skills:
2026-05-06 15:18:19,472 | INFO | Saved cleaned_jobs_with_skills.csv
2026-05-06 15:18:19,472 | INFO | Creating table databases if needed
2026-05-06 15:18:19,564 | INFO | Resetting tables if needed
2026-05-06 15:18:19,622 | INFO | Inserting cleaned data into PostgreSQL
2026-05-06 15:18:20,527 | INFO | Running analysis queries
2026-05-06 15:18:20,572 | INFO | Pipeline finished successfully
