2026-05-06 15:05:55,869 | INFO | Starting pipeline
2026-05-06 15:05:55,869 | INFO | Logging to: output/logs/run_2026-05-06_15-05-55.log
2026-05-06 15:06:14,712 | INFO | Kaggle original shape: (94529, 36)
2026-05-06 15:06:14,713 | INFO | Fetching JSearch query: 'software engineer intern'
2026-05-06 15:06:14,968 | WARNING |   [software engineer intern] page 1 failed: 429 Client Error: Too Many Requests for url: https://jsearch.p.rapidapi.com/search?query=software+engineer+intern&page=1&num_pages=1&date_posted=month&employment_types=INTERN%2CFULLTIME
2026-05-06 15:06:14,969 | INFO | Fetching JSearch query: 'data science intern'
2026-05-06 15:06:15,124 | WARNING |   [data science intern] page 1 failed: 429 Client Error: Too Many Requests for url: https://jsearch.p.rapidapi.com/search?query=data+science+intern&page=1&num_pages=1&date_posted=month&employment_types=INTERN%2CFULLTIME
2026-05-06 15:06:15,125 | INFO | Fetching JSearch query: 'entry level software developer'
2026-05-06 15:06:15,286 | WARNING |   [entry level software developer] page 1 failed: 429 Client Error: Too Many Requests for url: https://jsearch.p.rapidapi.com/search?query=entry+level+software+developer&page=1&num_pages=1&date_posted=month&employment_types=INTERN%2CFULLTIME
2026-05-06 15:06:15,288 | INFO | Fetching JSearch query: 'new grad software engineer'
2026-05-06 15:06:15,447 | WARNING |   [new grad software engineer] page 1 failed: 429 Client Error: Too Many Requests for url: https://jsearch.p.rapidapi.com/search?query=new+grad+software+engineer&page=1&num_pages=1&date_posted=month&employment_types=INTERN%2CFULLTIME
2026-05-06 15:06:15,448 | INFO | Fetching JSearch query: 'junior data analyst'
2026-05-06 15:06:15,613 | WARNING |   [junior data analyst] page 1 failed: 429 Client Error: Too Many Requests for url: https://jsearch.p.rapidapi.com/search?query=junior+data+analyst&page=1&num_pages=1&date_posted=month&employment_types=INTERN%2CFULLTIME
2026-05-06 15:06:15,614 | INFO | Fetching JSearch query: 'cybersecurity intern'
2026-05-06 15:06:15,769 | WARNING |   [cybersecurity intern] page 1 failed: 429 Client Error: Too Many Requests for url: https://jsearch.p.rapidapi.com/search?query=cybersecurity+intern&page=1&num_pages=1&date_posted=month&employment_types=INTERN%2CFULLTIME
2026-05-06 15:06:15,770 | INFO | Fetching JSearch query: 'machine learning intern'
2026-05-06 15:06:15,922 | WARNING |   [machine learning intern] page 1 failed: 429 Client Error: Too Many Requests for url: https://jsearch.p.rapidapi.com/search?query=machine+learning+intern&page=1&num_pages=1&date_posted=month&employment_types=INTERN%2CFULLTIME
2026-05-06 15:06:15,923 | INFO | Fetching JSearch query: 'frontend developer entry level'
2026-05-06 15:06:16,087 | WARNING |   [frontend developer entry level] page 1 failed: 429 Client Error: Too Many Requests for url: https://jsearch.p.rapidapi.com/search?query=frontend+developer+entry+level&page=1&num_pages=1&date_posted=month&employment_types=INTERN%2CFULLTIME
2026-05-06 15:06:16,090 | INFO | Fetching JSearch query: 'backend developer new grad'
2026-05-06 15:06:16,265 | WARNING |   [backend developer new grad] page 1 failed: 429 Client Error: Too Many Requests for url: https://jsearch.p.rapidapi.com/search?query=backend+developer+new+grad&page=1&num_pages=1&date_posted=month&employment_types=INTERN%2CFULLTIME
2026-05-06 15:06:16,268 | INFO | Fetching JSearch query: 'devops intern'
2026-05-06 15:06:16,442 | WARNING |   [devops intern] page 1 failed: 429 Client Error: Too Many Requests for url: https://jsearch.p.rapidapi.com/search?query=devops+intern&page=1&num_pages=1&date_posted=month&employment_types=INTERN%2CFULLTIME
2026-05-06 15:06:16,444 | WARNING | No jobs fetched from JSearch API.
2026-05-06 15:06:16,451 | INFO | JSearch API original shape: (0, 22)
2026-05-06 15:06:17,082 | INFO | Merged sources original shape: (94529, 36)
2026-05-06 15:06:27,860 | INFO | Cleaned shape: (2268, 33)
2026-05-06 15:06:28,076 | INFO | Saved cleaned_jobs.csv
2026-05-06 15:06:41,657 | INFO | Sample titles with skills:
2026-05-06 15:06:41,899 | INFO | Saved cleaned_jobs_with_skills.csv
2026-05-06 15:06:41,899 | INFO | Creating table databases if needed
