2026-05-06 22:49:36,417 | INFO | Starting pipeline
2026-05-06 22:49:36,417 | INFO | Logging to: output/logs/run_2026-05-06_22-49-36.log
2026-05-06 22:49:56,804 | INFO | Kaggle original shape: (94529, 36)
2026-05-06 22:49:56,806 | INFO | Skipping JSearch API fetch (USE_JSEARCH is false)
2026-05-06 22:49:56,807 | INFO | Using Kaggle data only
2026-05-06 22:49:56,807 | INFO | Merged sources original shape: (94529, 36)
2026-05-06 22:50:12,486 | INFO | Cleaned shape: (2268, 33)
2026-05-06 22:50:29,739 | INFO | Saved cleaned_jobs.csv
2026-05-06 22:50:30,005 | INFO | Saved cleaned_jobs_with_skills.csv
2026-05-06 22:50:30,018 | INFO | Jobs with no detected skills: 125
2026-05-06 22:50:30,018 | INFO | Creating tables if needed
2026-05-06 22:50:31,582 | INFO | Resetting tables
2026-05-06 22:50:31,945 | INFO | Inserting cleaned data into PostgreSQL
2026-05-06 22:50:35,498 | INFO | Running analysis queries
2026-05-06 22:50:35,930 | INFO | Saved baseline job_skill_matrix.csv
2026-05-06 22:50:36,045 | INFO | Saved filtered job_skill_matrix
2026-05-06 22:50:36,425 | INFO | k=3 silhouette_score=0.1347
2026-05-06 22:50:36,556 | INFO | k=4 silhouette_score=0.1122
2026-05-06 22:50:36,702 | INFO | k=5 silhouette_score=0.0859
2026-05-06 22:50:37,018 | INFO | k=6 silhouette_score=0.0987
2026-05-06 22:50:37,052 | INFO | Saved clustering_scores.csv
2026-05-06 22:50:37,077 | INFO | Saved best_clustered_jobs.csv with k=3
2026-05-06 22:50:37,081 | INFO | Saved best_cluster_counts.csv
2026-05-06 22:50:37,081 | INFO | Best clustering result: k=3 with silhouette_score=0.1347
2026-05-06 22:50:37,094 | INFO | Saved cluster_top_skills.csv
2026-05-06 22:50:37,094 | INFO | Saved cluster_role_types.csv
2026-05-06 22:50:37,094 | INFO | Saved cluster_top_titles.csv
2026-05-06 22:50:37,094 | INFO | Pipeline finished successfully
