2026-05-06 15:13:03,333 | INFO | Starting pipeline
2026-05-06 15:13:03,333 | INFO | Logging to: output/logs/run_2026-05-06_15-13-03.log
2026-05-06 15:13:35,249 | INFO | Kaggle original shape: (94529, 36)
2026-05-06 15:13:35,257 | INFO | Fetching JSearch query: 'software engineer intern'
2026-05-06 15:13:35,605 | WARNING |   [software engineer intern] page 1 failed: 429 Client Error: Too Many Requests for url: https://jsearch.p.rapidapi.com/search?query=software+engineer+intern&page=1&num_pages=1&date_posted=month&employment_types=INTERN%2CFULLTIME
2026-05-06 15:13:35,606 | INFO | Fetching JSearch query: 'data science intern'
2026-05-06 15:13:35,770 | WARNING |   [data science intern] page 1 failed: 429 Client Error: Too Many Requests for url: https://jsearch.p.rapidapi.com/search?query=data+science+intern&page=1&num_pages=1&date_posted=month&employment_types=INTERN%2CFULLTIME
2026-05-06 15:13:35,771 | INFO | Fetching JSearch query: 'entry level software developer'
2026-05-06 15:13:35,926 | WARNING |   [entry level software developer] page 1 failed: 429 Client Error: Too Many Requests for url: https://jsearch.p.rapidapi.com/search?query=entry+level+software+developer&page=1&num_pages=1&date_posted=month&employment_types=INTERN%2CFULLTIME
2026-05-06 15:13:35,928 | INFO | Fetching JSearch query: 'new grad software engineer'
2026-05-06 15:13:36,108 | WARNING |   [new grad software engineer] page 1 failed: 429 Client Error: Too Many Requests for url: https://jsearch.p.rapidapi.com/search?query=new+grad+software+engineer&page=1&num_pages=1&date_posted=month&employment_types=INTERN%2CFULLTIME
2026-05-06 15:13:36,109 | INFO | Fetching JSearch query: 'junior data analyst'
2026-05-06 15:13:36,257 | WARNING |   [junior data analyst] page 1 failed: 429 Client Error: Too Many Requests for url: https://jsearch.p.rapidapi.com/search?query=junior+data+analyst&page=1&num_pages=1&date_posted=month&employment_types=INTERN%2CFULLTIME
2026-05-06 15:13:36,258 | INFO | Fetching JSearch query: 'cybersecurity intern'
2026-05-06 15:13:36,420 | WARNING |   [cybersecurity intern] page 1 failed: 429 Client Error: Too Many Requests for url: https://jsearch.p.rapidapi.com/search?query=cybersecurity+intern&page=1&num_pages=1&date_posted=month&employment_types=INTERN%2CFULLTIME
2026-05-06 15:13:36,420 | INFO | Fetching JSearch query: 'machine learning intern'
2026-05-06 15:13:36,577 | WARNING |   [machine learning intern] page 1 failed: 429 Client Error: Too Many Requests for url: https://jsearch.p.rapidapi.com/search?query=machine+learning+intern&page=1&num_pages=1&date_posted=month&employment_types=INTERN%2CFULLTIME
2026-05-06 15:13:36,578 | INFO | Fetching JSearch query: 'frontend developer entry level'
2026-05-06 15:13:36,734 | WARNING |   [frontend developer entry level] page 1 failed: 429 Client Error: Too Many Requests for url: https://jsearch.p.rapidapi.com/search?query=frontend+developer+entry+level&page=1&num_pages=1&date_posted=month&employment_types=INTERN%2CFULLTIME
2026-05-06 15:13:36,735 | INFO | Fetching JSearch query: 'backend developer new grad'
2026-05-06 15:13:36,892 | WARNING |   [backend developer new grad] page 1 failed: 429 Client Error: Too Many Requests for url: https://jsearch.p.rapidapi.com/search?query=backend+developer+new+grad&page=1&num_pages=1&date_posted=month&employment_types=INTERN%2CFULLTIME
2026-05-06 15:13:36,895 | INFO | Fetching JSearch query: 'devops intern'
2026-05-06 15:13:37,065 | WARNING |   [devops intern] page 1 failed: 429 Client Error: Too Many Requests for url: https://jsearch.p.rapidapi.com/search?query=devops+intern&page=1&num_pages=1&date_posted=month&employment_types=INTERN%2CFULLTIME
2026-05-06 15:13:37,068 | WARNING | No jobs fetched from JSearch API.
2026-05-06 15:13:37,082 | INFO | JSearch API original shape: (0, 22)
2026-05-06 15:13:37,657 | INFO | Merged sources original shape: (94529, 36)
2026-05-06 15:14:00,387 | INFO | Cleaned shape: (2268, 33)
2026-05-06 15:14:00,715 | INFO | Saved cleaned_jobs.csv
2026-05-06 15:14:13,780 | INFO | Sample titles with skills:
2026-05-06 15:14:14,078 | INFO | Saved cleaned_jobs_with_skills.csv
2026-05-06 15:14:14,078 | INFO | Creating table databases if needed
2026-05-06 15:14:14,238 | INFO | Resetting tables if needed
2026-05-06 15:14:14,288 | INFO | Inserting cleaned data into PostgreSQL
2026-05-06 15:14:15,839 | INFO | Running analysis queries
2026-05-06 15:14:16,077 | INFO | Pipeline finished successfully
