2026-05-03 01:45:48,993 | INFO | Starting pipeline
2026-05-03 01:45:48,993 | INFO | Logging to: output/logs/run_2026-05-03_01-45-48.log
2026-05-03 01:46:06,444 | INFO | Original shape: (94529, 36)
2026-05-03 01:46:18,225 | INFO | Cleaned shape: (2268, 33)
2026-05-03 01:46:18,455 | INFO | Saved cleaned_jobs.csv
2026-05-03 01:46:32,491 | INFO | Sample titles with skills:
2026-05-03 01:46:32,503 | INFO | 
                                                                    title                                                                                    skills
                      Jr Network Engineer/GNOSC Watch Officer IRES - SSFB                                                  [cybersecurity, linux, network security]
                                                  Cybersecurity Analyst I                                                                           [cybersecurity]
                                         2025 Cybersecurity Summer Intern                                                                           [cybersecurity]
   Greif - Summer 2025 Cyber Security Intern, application via RippleMatch                                                                    [cybersecurity, linux]
                 2025 Summer Intern Program - Information Security Intern                                                                           [cybersecurity]
                       Security Engineer – Mid – (HSEN) (Splunk Engineer) [aws, azure, bash, cybersecurity, java, javascript, linux, network security, python, sql]
                               Redis Cybersecurity Engineering Internship                                                                    [cybersecurity, redis]
                                                       Security Analyst I                                                                        [network security]
                                            Junior Cybersecurity Engineer                                                                           [cybersecurity]
2025 Summer Internship Program - Supervision & Regulation (Cybersecurity)                                                                           [cybersecurity]
2026-05-03 01:46:32,713 | INFO | Saved cleaned_jobs_with_skills.csv
2026-05-03 01:46:32,716 | INFO | Top 20 skills: [('python', 1090), ('sql', 582), ('machine learning', 575), ('java', 522), ('javascript', 442), ('c++', 432), ('aws', 413), ('cybersecurity', 369), ('linux', 368), ('algorithms', 368), ('git', 345), ('statistics', 289), ('R', 285), ('c#', 279), ('react', 275), ('azure', 265), ('data analysis', 230), ('docker', 225), ('excel', 214), ('artificial intelligence', 214)]
2026-05-03 01:46:32,722 | INFO | Jobs with no detected skills: 125
2026-05-03 01:46:32,722 | INFO | Pipeline finished successfully
